<?xml version="1.0" encoding="UTF-8"?>
<testng-results ignored="0" total="1" passed="1" failed="0" skipped="0">
  <reporter-output>
  </reporter-output>
  <suite started-at="2026-04-09T21:29:15 CST" name="Default suite" finished-at="2026-04-09T21:30:27 CST" duration-ms="71115">
    <groups>
    </groups>
    <test started-at="2026-04-09T21:29:15 CST" name="Default test" finished-at="2026-04-09T21:30:27 CST" duration-ms="71115">
      <class name="tests.E2ETest">
        <test-method is-config="true" signature="setup()[pri:0, instance:tests.E2ETest@24313fcc]" started-at="2026-04-09T21:29:16 CST" name="setup" finished-at="2026-04-09T21:29:26 CST" duration-ms="10658" status="PASS">
          <reporter-output>
          </reporter-output>
        </test-method> <!-- setup -->
        <test-method signature="e2eShoppingTest()[pri:0, instance:tests.E2ETest@24313fcc]" started-at="2026-04-09T21:29:26 CST" name="e2eShoppingTest" finished-at="2026-04-09T21:30:27 CST" duration-ms="60338" status="PASS">
          <reporter-output>
          </reporter-output>
        </test-method> <!-- e2eShoppingTest -->
      </class> <!-- tests.E2ETest -->
    </test> <!-- Default test -->
  </suite> <!-- Default suite -->
</testng-results>
